DEPRECATION WARNING: You're using the Ruby-based MySQL library that ships with Rails. This library will be REMOVED FROM RAILS 2.2. Please switch to the offical mysql gem: `gem install mysql`  See http://www.rubyonrails.org/deprecation for details. (called from mysql_connection at D:/Tools/ruby/lib/ruby/gems/1.8/gems/activerecord-2.1.1/lib/active_record/connection_adapters/mysql_adapter.rb:81)
  [4;36;1mSQL (0.000000)[0m   [0;1mSET NAMES 'utf8'[0m
  [4;35;1mSQL (0.000000)[0m   [0mSET SQL_AUTO_IS_NULL=0[0m
  [4;36;1mSQL (0.000000)[0m   [0;1mMysql::Error: #42000You have an error in your SQL syntax; check the manual that corresponds to your MySQL server version for the right syntax to use near 'show_tables' at line 1: show_tables[0m
  [4;35;1mSQL (0.000000)[0m   [0mMysql::Error: #42000You have an error in your SQL syntax; check the manual that corresponds to your MySQL server version for the right syntax to use near 'show_tables' at line 1: show_tables;[0m
  [4;36;1mSQL (0.000000)[0m   [0;1mshow tables;[0m
  [4;35;1mSQL (0.015000)[0m   [0mshow databases;[0m


Processing GamesController#index (for 127.0.0.1 at 2008-09-24 19:33:59) [GET]
  Session ID: a84ced69cc2b4c8ad59030b6a7be119d
  Parameters: {"action"=>"index", "controller"=>"games"}


Processing GamesController#index (for 127.0.0.1 at 2008-09-24 19:33:59) [GET]
  Session ID: a84ced69cc2b4c8ad59030b6a7be119d
  Parameters: {"action"=>"index", "controller"=>"games"}


MissingSourceFile (no such file to load -- sqlite3):
    D:/Tools/ruby/lib/ruby/site_ruby/1.8/rubygems/custom_require.rb:27:in `gem_original_require'
    D:/Tools/ruby/lib/ruby/site_ruby/1.8/rubygems/custom_require.rb:27:in `require'
    D:/Tools/ruby/lib/ruby/gems/1.8/gems/activesupport-2.1.1/lib/active_support/dependencies.rb:510:in `require'
    D:/Tools/ruby/lib/ruby/gems/1.8/gems/activesupport-2.1.1/lib/active_support/dependencies.rb:355:in `new_constants_in'
    D:/Tools/ruby/lib/ruby/gems/1.8/gems/activesupport-2.1.1/lib/active_support/dependencies.rb:510:in `require'
    D:/Tools/ruby/lib/ruby/gems/1.8/gems/activesupport-2.1.1/lib/active_support/core_ext/kernel/requires.rb:7:in `require_library_or_gem'
    D:/Tools/ruby/lib/ruby/gems/1.8/gems/activesupport-2.1.1/lib/active_support/core_ext/kernel/reporting.rb:11:in `silence_warnings'
    D:/Tools/ruby/lib/ruby/gems/1.8/gems/activesupport-2.1.1/lib/active_support/core_ext/kernel/requires.rb:5:in `require_library_or_gem'
    D:/Tools/ruby/lib/ruby/gems/1.8/gems/activerecord-2.1.1/lib/active_record/connection_adapters/sqlite3_adapter.rb:10:in `sqlite3_connection'
    D:/Tools/ruby/lib/ruby/gems/1.8/gems/activerecord-2.1.1/lib/active_record/connection_adapters/abstract/connection_specification.rb:292:in `send'
    D:/Tools/ruby/lib/ruby/gems/1.8/gems/activerecord-2.1.1/lib/active_record/connection_adapters/abstract/connection_specification.rb:292:in `connection='
    D:/Tools/ruby/lib/ruby/gems/1.8/gems/activerecord-2.1.1/lib/active_record/connection_adapters/abstract/connection_specification.rb:260:in `retrieve_connection'
    D:/Tools/ruby/lib/ruby/gems/1.8/gems/activerecord-2.1.1/lib/active_record/connection_adapters/abstract/connection_specification.rb:78:in `connection'
    D:/Tools/ruby/lib/ruby/gems/1.8/gems/activerecord-2.1.1/lib/active_record/query_cache.rb:8:in `cache'
    D:/Tools/ruby/lib/ruby/gems/1.8/gems/actionpack-2.1.1/lib/action_controller/caching/sql_cache.rb:12:in `perform_action'
    D:/Tools/ruby/lib/ruby/gems/1.8/gems/actionpack-2.1.1/lib/action_controller/base.rb:529:in `send'
    D:/Tools/ruby/lib/ruby/gems/1.8/gems/actionpack-2.1.1/lib/action_controller/base.rb:529:in `process_without_filters'
    D:/Tools/ruby/lib/ruby/gems/1.8/gems/actionpack-2.1.1/lib/action_controller/filters.rb:568:in `process_without_session_management_support'
    D:/Tools/ruby/lib/ruby/gems/1.8/gems/actionpack-2.1.1/lib/action_controller/session_management.rb:130:in `process'
    D:/Tools/ruby/lib/ruby/gems/1.8/gems/actionpack-2.1.1/lib/action_controller/base.rb:389:in `process'
    D:/Tools/ruby/lib/ruby/gems/1.8/gems/actionpack-2.1.1/lib/action_controller/dispatcher.rb:149:in `handle_request'
    D:/Tools/ruby/lib/ruby/gems/1.8/gems/actionpack-2.1.1/lib/action_controller/dispatcher.rb:107:in `dispatch'
    D:/Tools/ruby/lib/ruby/gems/1.8/gems/actionpack-2.1.1/lib/action_controller/dispatcher.rb:104:in `synchronize'
    D:/Tools/ruby/lib/ruby/gems/1.8/gems/actionpack-2.1.1/lib/action_controller/dispatcher.rb:104:in `dispatch'
    D:/Tools/ruby/lib/ruby/gems/1.8/gems/actionpack-2.1.1/lib/action_controller/dispatcher.rb:120:in `dispatch_cgi'
    D:/Tools/ruby/lib/ruby/gems/1.8/gems/actionpack-2.1.1/lib/action_controller/dispatcher.rb:35:in `dispatch'
    D:/Tools/ruby/lib/ruby/gems/1.8/gems/mongrel-1.1.5-x86-mswin32-60/bin/../lib/mongrel/rails.rb:76:in `process'
    D:/Tools/ruby/lib/ruby/gems/1.8/gems/mongrel-1.1.5-x86-mswin32-60/bin/../lib/mongrel/rails.rb:74:in `synchronize'
    D:/Tools/ruby/lib/ruby/gems/1.8/gems/mongrel-1.1.5-x86-mswin32-60/bin/../lib/mongrel/rails.rb:74:in `process'
    D:/Tools/ruby/lib/ruby/gems/1.8/gems/mongrel-1.1.5-x86-mswin32-60/lib/mongrel.rb:159:in `process_client'
    D:/Tools/ruby/lib/ruby/gems/1.8/gems/mongrel-1.1.5-x86-mswin32-60/lib/mongrel.rb:158:in `each'
    D:/Tools/ruby/lib/ruby/gems/1.8/gems/mongrel-1.1.5-x86-mswin32-60/lib/mongrel.rb:158:in `process_client'
    D:/Tools/ruby/lib/ruby/gems/1.8/gems/mongrel-1.1.5-x86-mswin32-60/lib/mongrel.rb:285:in `run'
    D:/Tools/ruby/lib/ruby/gems/1.8/gems/mongrel-1.1.5-x86-mswin32-60/lib/mongrel.rb:285:in `initialize'
    D:/Tools/ruby/lib/ruby/gems/1.8/gems/mongrel-1.1.5-x86-mswin32-60/lib/mongrel.rb:285:in `new'
    D:/Tools/ruby/lib/ruby/gems/1.8/gems/mongrel-1.1.5-x86-mswin32-60/lib/mongrel.rb:285:in `run'
    D:/Tools/ruby/lib/ruby/gems/1.8/gems/mongrel-1.1.5-x86-mswin32-60/lib/mongrel.rb:268:in `initialize'
    D:/Tools/ruby/lib/ruby/gems/1.8/gems/mongrel-1.1.5-x86-mswin32-60/lib/mongrel.rb:268:in `new'
    D:/Tools/ruby/lib/ruby/gems/1.8/gems/mongrel-1.1.5-x86-mswin32-60/lib/mongrel.rb:268:in `run'
    D:/Tools/ruby/lib/ruby/gems/1.8/gems/mongrel-1.1.5-x86-mswin32-60/lib/mongrel/configurator.rb:282:in `run'
    D:/Tools/ruby/lib/ruby/gems/1.8/gems/mongrel-1.1.5-x86-mswin32-60/lib/mongrel/configurator.rb:281:in `each'
    D:/Tools/ruby/lib/ruby/gems/1.8/gems/mongrel-1.1.5-x86-mswin32-60/lib/mongrel/configurator.rb:281:in `run'
    D:/Tools/ruby/lib/ruby/gems/1.8/gems/mongrel-1.1.5-x86-mswin32-60/bin/mongrel_rails:128:in `run'
    D:/Tools/ruby/lib/ruby/gems/1.8/gems/mongrel-1.1.5-x86-mswin32-60/lib/mongrel/command.rb:212:in `run'
    D:/Tools/ruby/lib/ruby/gems/1.8/gems/mongrel-1.1.5-x86-mswin32-60/bin/mongrel_rails:281
    D:/Tools/ruby/lib/ruby/gems/1.8/gems/activesupport-2.1.1/lib/active_support/dependencies.rb:503:in `load'
    D:/Tools/ruby/lib/ruby/gems/1.8/gems/activesupport-2.1.1/lib/active_support/dependencies.rb:503:in `load'
    D:/Tools/ruby/lib/ruby/gems/1.8/gems/activesupport-2.1.1/lib/active_support/dependencies.rb:355:in `new_constants_in'
    D:/Tools/ruby/lib/ruby/gems/1.8/gems/activesupport-2.1.1/lib/active_support/dependencies.rb:503:in `load'
    D:/Tools/ruby/lib/ruby/gems/1.8/gems/rails-2.1.1/lib/commands/servers/mongrel.rb:64
    D:/Tools/ruby/lib/ruby/site_ruby/1.8/rubygems/custom_require.rb:27:in `gem_original_require'
    D:/Tools/ruby/lib/ruby/site_ruby/1.8/rubygems/custom_require.rb:27:in `require'
    D:/Tools/ruby/lib/ruby/gems/1.8/gems/activesupport-2.1.1/lib/active_support/dependencies.rb:510:in `require'
    D:/Tools/ruby/lib/ruby/gems/1.8/gems/activesupport-2.1.1/lib/active_support/dependencies.rb:355:in `new_constants_in'
    D:/Tools/ruby/lib/ruby/gems/1.8/gems/activesupport-2.1.1/lib/active_support/dependencies.rb:510:in `require'
    D:/Tools/ruby/lib/ruby/gems/1.8/gems/rails-2.1.1/lib/commands/server.rb:39
    D:/Tools/ruby/lib/ruby/site_ruby/1.8/rubygems/custom_require.rb:27:in `gem_original_require'
    D:/Tools/ruby/lib/ruby/site_ruby/1.8/rubygems/custom_require.rb:27:in `require'
    script/server:3

Rendering D:/Tools/ruby/lib/ruby/gems/1.8/gems/actionpack-2.1.1/lib/action_controller/templates/rescues/layout.erb (internal_server_error)


Processing GamesController#index (for 127.0.0.1 at 2008-09-24 19:34:37) [GET]
  Session ID: BAh7BiIKZmxhc2hJQzonQWN0aW9uQ29udHJvbGxlcjo6Rmxhc2g6OkZsYXNo
SGFzaHsABjoKQHVzZWR7AA==--6b9c0e01ffbd47d126d0639b6343ce351b381da1
  Parameters: {"action"=>"index", "controller"=>"games"}
DEPRECATION WARNING: You're using the Ruby-based MySQL library that ships with Rails. This library will be REMOVED FROM RAILS 2.2. Please switch to the offical mysql gem: `gem install mysql`  See http://www.rubyonrails.org/deprecation for details. (called from mysql_connection at D:/Tools/ruby/lib/ruby/gems/1.8/gems/activerecord-2.1.1/lib/active_record/connection_adapters/mysql_adapter.rb:81)
  [4;36;1mSQL (0.000000)[0m   [0;1mSET NAMES 'utf8'[0m
  [4;35;1mSQL (0.000000)[0m   [0mSET SQL_AUTO_IS_NULL=0[0m
  [4;36;1mGame Load (0.000000)[0m   [0;1mMysql::Error: #42S02Table 'dotvoting_dev.games' doesn't exist: SELECT * FROM `games` [0m


ActiveRecord::StatementInvalid (Mysql::Error: #42S02Table 'dotvoting_dev.games' doesn't exist: SELECT * FROM `games`     ):
    D:/Tools/ruby/lib/ruby/gems/1.8/gems/activerecord-2.1.1/lib/active_record/connection_adapters/abstract_adapter.rb:147:in `log'
    D:/Tools/ruby/lib/ruby/gems/1.8/gems/activerecord-2.1.1/lib/active_record/connection_adapters/mysql_adapter.rb:302:in `execute_without_analyzer'
    /vendor/plugins/footnotes/lib/notes/queries_note.rb:102:in `execute'
    D:/Tools/ruby/lib/ruby/gems/1.8/gems/activesupport-2.1.1/lib/active_support/core_ext/benchmark.rb:8:in `realtime'
    /vendor/plugins/footnotes/lib/notes/queries_note.rb:102:in `execute'
    D:/Tools/ruby/lib/ruby/gems/1.8/gems/activerecord-2.1.1/lib/active_record/connection_adapters/mysql_adapter.rb:537:in `select'
    D:/Tools/ruby/lib/ruby/gems/1.8/gems/activerecord-2.1.1/lib/active_record/connection_adapters/abstract/database_statements.rb:7:in `select_all_without_query_cache'
    D:/Tools/ruby/lib/ruby/gems/1.8/gems/activerecord-2.1.1/lib/active_record/connection_adapters/abstract/query_cache.rb:59:in `select_all'
    D:/Tools/ruby/lib/ruby/gems/1.8/gems/activerecord-2.1.1/lib/active_record/connection_adapters/abstract/query_cache.rb:80:in `cache_sql'
    D:/Tools/ruby/lib/ruby/gems/1.8/gems/activerecord-2.1.1/lib/active_record/connection_adapters/abstract/query_cache.rb:59:in `select_all'
    D:/Tools/ruby/lib/ruby/gems/1.8/gems/activerecord-2.1.1/lib/active_record/base.rb:586:in `find_by_sql'
    D:/Tools/ruby/lib/ruby/gems/1.8/gems/activerecord-2.1.1/lib/active_record/base.rb:1345:in `find_every'
    D:/Tools/ruby/lib/ruby/gems/1.8/gems/activerecord-2.1.1/lib/active_record/base.rb:540:in `find'
    /app/controllers/games_controller.rb:5:in `index'
    D:/Tools/ruby/lib/ruby/gems/1.8/gems/actionpack-2.1.1/lib/action_controller/base.rb:1166:in `send'
    D:/Tools/ruby/lib/ruby/gems/1.8/gems/actionpack-2.1.1/lib/action_controller/base.rb:1166:in `perform_action_without_filters'
    D:/Tools/ruby/lib/ruby/gems/1.8/gems/actionpack-2.1.1/lib/action_controller/filters.rb:579:in `call_filters'
    D:/Tools/ruby/lib/ruby/gems/1.8/gems/actionpack-2.1.1/lib/action_controller/filters.rb:572:in `perform_action_without_benchmark'
    D:/Tools/ruby/lib/ruby/gems/1.8/gems/actionpack-2.1.1/lib/action_controller/benchmarking.rb:68:in `perform_action_without_rescue'
    D:/Tools/ruby/lib/ruby/1.8/benchmark.rb:293:in `measure'
    D:/Tools/ruby/lib/ruby/gems/1.8/gems/actionpack-2.1.1/lib/action_controller/benchmarking.rb:68:in `perform_action_without_rescue'
    D:/Tools/ruby/lib/ruby/gems/1.8/gems/actionpack-2.1.1/lib/action_controller/rescue.rb:201:in `perform_action_without_caching'
    D:/Tools/ruby/lib/ruby/gems/1.8/gems/actionpack-2.1.1/lib/action_controller/caching/sql_cache.rb:13:in `perform_action'
    D:/Tools/ruby/lib/ruby/gems/1.8/gems/activerecord-2.1.1/lib/active_record/connection_adapters/abstract/query_cache.rb:33:in `cache'
    D:/Tools/ruby/lib/ruby/gems/1.8/gems/activerecord-2.1.1/lib/active_record/query_cache.rb:8:in `cache'
    D:/Tools/ruby/lib/ruby/gems/1.8/gems/actionpack-2.1.1/lib/action_controller/caching/sql_cache.rb:12:in `perform_action'
    D:/Tools/ruby/lib/ruby/gems/1.8/gems/actionpack-2.1.1/lib/action_controller/base.rb:529:in `send'
    D:/Tools/ruby/lib/ruby/gems/1.8/gems/actionpack-2.1.1/lib/action_controller/base.rb:529:in `process_without_filters'
    D:/Tools/ruby/lib/ruby/gems/1.8/gems/actionpack-2.1.1/lib/action_controller/filters.rb:568:in `process_without_session_management_support'
    D:/Tools/ruby/lib/ruby/gems/1.8/gems/actionpack-2.1.1/lib/action_controller/session_management.rb:130:in `process'
    D:/Tools/ruby/lib/ruby/gems/1.8/gems/actionpack-2.1.1/lib/action_controller/base.rb:389:in `process'
    D:/Tools/ruby/lib/ruby/gems/1.8/gems/actionpack-2.1.1/lib/action_controller/dispatcher.rb:149:in `handle_request'
    D:/Tools/ruby/lib/ruby/gems/1.8/gems/actionpack-2.1.1/lib/action_controller/dispatcher.rb:107:in `dispatch'
    D:/Tools/ruby/lib/ruby/gems/1.8/gems/actionpack-2.1.1/lib/action_controller/dispatcher.rb:104:in `synchronize'
    D:/Tools/ruby/lib/ruby/gems/1.8/gems/actionpack-2.1.1/lib/action_controller/dispatcher.rb:104:in `dispatch'
    D:/Tools/ruby/lib/ruby/gems/1.8/gems/actionpack-2.1.1/lib/action_controller/dispatcher.rb:120:in `dispatch_cgi'
    D:/Tools/ruby/lib/ruby/gems/1.8/gems/actionpack-2.1.1/lib/action_controller/dispatcher.rb:35:in `dispatch'
    D:/Tools/ruby/lib/ruby/gems/1.8/gems/mongrel-1.1.5-x86-mswin32-60/bin/../lib/mongrel/rails.rb:76:in `process'
    D:/Tools/ruby/lib/ruby/gems/1.8/gems/mongrel-1.1.5-x86-mswin32-60/bin/../lib/mongrel/rails.rb:74:in `synchronize'
    D:/Tools/ruby/lib/ruby/gems/1.8/gems/mongrel-1.1.5-x86-mswin32-60/bin/../lib/mongrel/rails.rb:74:in `process'
    D:/Tools/ruby/lib/ruby/gems/1.8/gems/mongrel-1.1.5-x86-mswin32-60/lib/mongrel.rb:159:in `process_client'
    D:/Tools/ruby/lib/ruby/gems/1.8/gems/mongrel-1.1.5-x86-mswin32-60/lib/mongrel.rb:158:in `each'
    D:/Tools/ruby/lib/ruby/gems/1.8/gems/mongrel-1.1.5-x86-mswin32-60/lib/mongrel.rb:158:in `process_client'
    D:/Tools/ruby/lib/ruby/gems/1.8/gems/mongrel-1.1.5-x86-mswin32-60/lib/mongrel.rb:285:in `run'
    D:/Tools/ruby/lib/ruby/gems/1.8/gems/mongrel-1.1.5-x86-mswin32-60/lib/mongrel.rb:285:in `initialize'
    D:/Tools/ruby/lib/ruby/gems/1.8/gems/mongrel-1.1.5-x86-mswin32-60/lib/mongrel.rb:285:in `new'
    D:/Tools/ruby/lib/ruby/gems/1.8/gems/mongrel-1.1.5-x86-mswin32-60/lib/mongrel.rb:285:in `run'
    D:/Tools/ruby/lib/ruby/gems/1.8/gems/mongrel-1.1.5-x86-mswin32-60/lib/mongrel.rb:268:in `initialize'
    D:/Tools/ruby/lib/ruby/gems/1.8/gems/mongrel-1.1.5-x86-mswin32-60/lib/mongrel.rb:268:in `new'
    D:/Tools/ruby/lib/ruby/gems/1.8/gems/mongrel-1.1.5-x86-mswin32-60/lib/mongrel.rb:268:in `run'
    D:/Tools/ruby/lib/ruby/gems/1.8/gems/mongrel-1.1.5-x86-mswin32-60/lib/mongrel/configurator.rb:282:in `run'
    D:/Tools/ruby/lib/ruby/gems/1.8/gems/mongrel-1.1.5-x86-mswin32-60/lib/mongrel/configurator.rb:281:in `each'
    D:/Tools/ruby/lib/ruby/gems/1.8/gems/mongrel-1.1.5-x86-mswin32-60/lib/mongrel/configurator.rb:281:in `run'
    D:/Tools/ruby/lib/ruby/gems/1.8/gems/mongrel-1.1.5-x86-mswin32-60/bin/mongrel_rails:128:in `run'
    D:/Tools/ruby/lib/ruby/gems/1.8/gems/mongrel-1.1.5-x86-mswin32-60/lib/mongrel/command.rb:212:in `run'
    D:/Tools/ruby/lib/ruby/gems/1.8/gems/mongrel-1.1.5-x86-mswin32-60/bin/mongrel_rails:281
    D:/Tools/ruby/lib/ruby/gems/1.8/gems/activesupport-2.1.1/lib/active_support/dependencies.rb:503:in `load'
    D:/Tools/ruby/lib/ruby/gems/1.8/gems/activesupport-2.1.1/lib/active_support/dependencies.rb:503:in `load'
    D:/Tools/ruby/lib/ruby/gems/1.8/gems/activesupport-2.1.1/lib/active_support/dependencies.rb:355:in `new_constants_in'
    D:/Tools/ruby/lib/ruby/gems/1.8/gems/activesupport-2.1.1/lib/active_support/dependencies.rb:503:in `load'
    D:/Tools/ruby/lib/ruby/gems/1.8/gems/rails-2.1.1/lib/commands/servers/mongrel.rb:64
    D:/Tools/ruby/lib/ruby/site_ruby/1.8/rubygems/custom_require.rb:27:in `gem_original_require'
    D:/Tools/ruby/lib/ruby/site_ruby/1.8/rubygems/custom_require.rb:27:in `require'
    D:/Tools/ruby/lib/ruby/gems/1.8/gems/activesupport-2.1.1/lib/active_support/dependencies.rb:510:in `require'
    D:/Tools/ruby/lib/ruby/gems/1.8/gems/activesupport-2.1.1/lib/active_support/dependencies.rb:355:in `new_constants_in'
    D:/Tools/ruby/lib/ruby/gems/1.8/gems/activesupport-2.1.1/lib/active_support/dependencies.rb:510:in `require'
    D:/Tools/ruby/lib/ruby/gems/1.8/gems/rails-2.1.1/lib/commands/server.rb:39
    D:/Tools/ruby/lib/ruby/site_ruby/1.8/rubygems/custom_require.rb:27:in `gem_original_require'
    D:/Tools/ruby/lib/ruby/site_ruby/1.8/rubygems/custom_require.rb:27:in `require'
    script/server:3

Rendering D:/Tools/ruby/lib/ruby/gems/1.8/gems/actionpack-2.1.1/lib/action_controller/templates/rescues/layout.erb (internal_server_error)
DEPRECATION WARNING: You're using the Ruby-based MySQL library that ships with Rails. This library will be REMOVED FROM RAILS 2.2. Please switch to the offical mysql gem: `gem install mysql`  See http://www.rubyonrails.org/deprecation for details. (called from mysql_connection at D:/Tools/ruby/lib/ruby/gems/1.8/gems/activerecord-2.1.1/lib/active_record/connection_adapters/mysql_adapter.rb:81)
  [4;36;1mSQL (0.000000)[0m   [0;1mSET NAMES 'utf8'[0m
  [4;35;1mSQL (0.000000)[0m   [0mSET SQL_AUTO_IS_NULL=0[0m
  [4;36;1mSQL (0.015000)[0m   [0;1mSHOW TABLES[0m
  [4;35;1mSQL (0.110000)[0m   [0mCREATE TABLE `schema_migrations` (`version` varchar(255) NOT NULL) ENGINE=InnoDB[0m
  [4;36;1mSQL (0.281000)[0m   [0;1mCREATE UNIQUE INDEX `unique_schema_migrations` ON `schema_migrations` (`version`)[0m
  [4;35;1mSQL (0.000000)[0m   [0mSHOW TABLES[0m
  [4;36;1mSQL (0.000000)[0m   [0;1mSELECT version FROM schema_migrations[0m
Migrating to CreateGames (20080925023253)
  [4;35;1mSQL (0.079000)[0m   [0mCREATE TABLE `games` (`id` int(11) DEFAULT NULL auto_increment PRIMARY KEY, `name` varchar(255), `created_at` datetime, `updated_at` datetime) ENGINE=InnoDB[0m
  [4;36;1mSQL (0.000000)[0m   [0;1mINSERT INTO schema_migrations (version) VALUES ('20080925023253')[0m
  [4;35;1mSQL (0.000000)[0m   [0mSHOW TABLES[0m
  [4;36;1mSQL (0.000000)[0m   [0;1mSELECT version FROM schema_migrations[0m
  [4;35;1mSQL (0.000000)[0m   [0mSHOW TABLES[0m
  [4;36;1mSQL (0.000000)[0m   [0;1mSHOW FIELDS FROM `games`[0m
  [4;35;1mSQL (0.015000)[0m   [0mdescribe `games`[0m
  [4;36;1mSQL (0.000000)[0m   [0;1mSHOW KEYS FROM `games`[0m


Processing GamesController#index (for 127.0.0.1 at 2008-09-24 19:39:26) [GET]
  Session ID: BAh7BiIKZmxhc2hJQzonQWN0aW9uQ29udHJvbGxlcjo6Rmxhc2g6OkZsYXNo
SGFzaHsABjoKQHVzZWR7AA==--6b9c0e01ffbd47d126d0639b6343ce351b381da1
  Parameters: {"action"=>"index", "controller"=>"games"}
  [4;35;1mGame Load (0.000000)[0m   [0mSELECT * FROM `games` [0m
Rendering template within layouts/games
Rendering games/index
Completed in 0.03100 (32 reqs/sec) | Rendering: 0.00000 (0%) | DB: 0.01500 (48%) | 200 OK [http://localhost/games/]


Processing GamesController#new (for 127.0.0.1 at 2008-09-24 19:40:30) [GET]
  Session ID: BAh7BiIKZmxhc2hJQzonQWN0aW9uQ29udHJvbGxlcjo6Rmxhc2g6OkZsYXNo
SGFzaHsABjoKQHVzZWR7AA==--6b9c0e01ffbd47d126d0639b6343ce351b381da1
  Parameters: {"action"=>"new", "controller"=>"games"}
  [4;36;1mGame Columns (0.015000)[0m   [0;1mSHOW FIELDS FROM `games`[0m
Rendering template within layouts/games
Rendering games/new
Completed in 0.06300 (15 reqs/sec) | Rendering: 0.01600 (25%) | DB: 0.01500 (23%) | 200 OK [http://localhost/games/new]


Processing GamesController#create (for 127.0.0.1 at 2008-09-24 19:40:37) [POST]
  Session ID: BAh7BzoMY3NyZl9pZCIlNDVmMjNlZWY3OTFlM2RkNjU0N2M1MGFmMDdhMjYw
YjkiCmZsYXNoSUM6J0FjdGlvbkNvbnRyb2xsZXI6OkZsYXNoOjpGbGFzaEhh
c2h7AAY6CkB1c2VkewA=--79f43f6416e8e95af4531452075a7b4dd7acda74
  Parameters: {"game"=>{"name"=>"First"}, "commit"=>"Create", "authenticity_token"=>"5acb8924f1026ed1a687269300b9ef555593b678", "action"=>"create", "controller"=>"games"}
  [4;35;1mGame Columns (0.016000)[0m   [0mSHOW FIELDS FROM `games`[0m
  [4;36;1mSQL (0.000000)[0m   [0;1mBEGIN[0m
  [4;35;1mGame Create (0.000000)[0m   [0mINSERT INTO `games` (`name`, `updated_at`, `created_at`) VALUES('First', '2008-09-25 02:40:37', '2008-09-25 02:40:37')[0m
  [4;36;1mSQL (0.062000)[0m   [0;1mCOMMIT[0m
Redirected to http://localhost:3000/games/1
Completed in 0.10900 (9 reqs/sec) | DB: 0.07800 (71%) | 302 Found [http://localhost/games]


Processing GamesController#show (for 127.0.0.1 at 2008-09-24 19:40:37) [GET]
  Session ID: BAh7BzoMY3NyZl9pZCIlNDVmMjNlZWY3OTFlM2RkNjU0N2M1MGFmMDdhMjYw
YjkiCmZsYXNoSUM6J0FjdGlvbkNvbnRyb2xsZXI6OkZsYXNoOjpGbGFzaEhh
c2h7BjoLbm90aWNlIiNHYW1lIHdhcyBzdWNjZXNzZnVsbHkgY3JlYXRlZC4G
OgpAdXNlZHsGOwdG--2cfe09a8f8ce72b9c10dbcd3014cc9d7a928bce9
  Parameters: {"action"=>"show", "id"=>"1", "controller"=>"games"}
  [4;35;1mGame Columns (0.000000)[0m   [0mSHOW FIELDS FROM `games`[0m
  [4;36;1mGame Load (0.000000)[0m   [0;1mSELECT * FROM `games` WHERE (`games`.`id` = 1) [0m
Rendering template within layouts/games
Rendering games/show
Completed in 0.09300 (10 reqs/sec) | Rendering: 0.01500 (16%) | DB: 0.01600 (17%) | 200 OK [http://localhost/games/1]


Processing GamesController#index (for 127.0.0.1 at 2008-09-24 19:40:41) [GET]
  Session ID: BAh7BzoMY3NyZl9pZCIlNDVmMjNlZWY3OTFlM2RkNjU0N2M1MGFmMDdhMjYw
YjkiCmZsYXNoSUM6J0FjdGlvbkNvbnRyb2xsZXI6OkZsYXNoOjpGbGFzaEhh
c2h7BjoLbm90aWNlIiNHYW1lIHdhcyBzdWNjZXNzZnVsbHkgY3JlYXRlZC4G
OgpAdXNlZHsGOwdU--7bd40c8f8ce581eaa8444c77f6e2d8d523d6ae77
  Parameters: {"action"=>"index", "controller"=>"games"}
  [4;35;1mGame Load (0.000000)[0m   [0mSELECT * FROM `games` [0m
Rendering template within layouts/games
Rendering games/index
  [4;36;1mGame Columns (0.016000)[0m   [0;1mSHOW FIELDS FROM `games`[0m
Completed in 0.12500 (8 reqs/sec) | Rendering: 0.01600 (12%) | DB: 0.01600 (12%) | 200 OK [http://localhost/games]


Processing GamesController#new (for 127.0.0.1 at 2008-09-24 19:40:43) [GET]
  Session ID: BAh7BzoMY3NyZl9pZCIlNDVmMjNlZWY3OTFlM2RkNjU0N2M1MGFmMDdhMjYw
YjkiCmZsYXNoSUM6J0FjdGlvbkNvbnRyb2xsZXI6OkZsYXNoOjpGbGFzaEhh
c2h7AAY6CkB1c2VkewA=--79f43f6416e8e95af4531452075a7b4dd7acda74
  Parameters: {"action"=>"new", "controller"=>"games"}
  [4;35;1mGame Columns (0.016000)[0m   [0mSHOW FIELDS FROM `games`[0m
Rendering template within layouts/games
Rendering games/new
Completed in 0.03100 (32 reqs/sec) | Rendering: 0.00000 (0%) | DB: 0.01600 (51%) | 200 OK [http://localhost/games/new]


Processing GamesController#create (for 127.0.0.1 at 2008-09-24 19:40:48) [POST]
  Session ID: BAh7BzoMY3NyZl9pZCIlNDVmMjNlZWY3OTFlM2RkNjU0N2M1MGFmMDdhMjYw
YjkiCmZsYXNoSUM6J0FjdGlvbkNvbnRyb2xsZXI6OkZsYXNoOjpGbGFzaEhh
c2h7AAY6CkB1c2VkewA=--79f43f6416e8e95af4531452075a7b4dd7acda74
  Parameters: {"game"=>{"name"=>"Second"}, "commit"=>"Create", "authenticity_token"=>"5acb8924f1026ed1a687269300b9ef555593b678", "action"=>"create", "controller"=>"games"}
  [4;36;1mGame Columns (0.015000)[0m   [0;1mSHOW FIELDS FROM `games`[0m
  [4;35;1mSQL (0.000000)[0m   [0mBEGIN[0m
  [4;36;1mGame Create (0.000000)[0m   [0;1mINSERT INTO `games` (`name`, `updated_at`, `created_at`) VALUES('Second', '2008-09-25 02:40:48', '2008-09-25 02:40:48')[0m
  [4;35;1mSQL (0.063000)[0m   [0mCOMMIT[0m
Redirected to http://localhost:3000/games/2
Completed in 0.07800 (12 reqs/sec) | DB: 0.07800 (100%) | 302 Found [http://localhost/games]


Processing GamesController#show (for 127.0.0.1 at 2008-09-24 19:40:48) [GET]
  Session ID: BAh7BzoMY3NyZl9pZCIlNDVmMjNlZWY3OTFlM2RkNjU0N2M1MGFmMDdhMjYw
YjkiCmZsYXNoSUM6J0FjdGlvbkNvbnRyb2xsZXI6OkZsYXNoOjpGbGFzaEhh
c2h7BjoLbm90aWNlIiNHYW1lIHdhcyBzdWNjZXNzZnVsbHkgY3JlYXRlZC4G
OgpAdXNlZHsGOwdG--2cfe09a8f8ce72b9c10dbcd3014cc9d7a928bce9
  Parameters: {"action"=>"show", "id"=>"2", "controller"=>"games"}
  [4;36;1mGame Columns (0.000000)[0m   [0;1mSHOW FIELDS FROM `games`[0m
  [4;35;1mGame Load (0.000000)[0m   [0mSELECT * FROM `games` WHERE (`games`.`id` = 2) [0m
Rendering template within layouts/games
Rendering games/show
Completed in 0.03100 (32 reqs/sec) | Rendering: 0.00000 (0%) | DB: 0.01600 (51%) | 200 OK [http://localhost/games/2]


Processing GamesController#index (for 127.0.0.1 at 2008-09-24 19:40:50) [GET]
  Session ID: BAh7BzoMY3NyZl9pZCIlNDVmMjNlZWY3OTFlM2RkNjU0N2M1MGFmMDdhMjYw
YjkiCmZsYXNoSUM6J0FjdGlvbkNvbnRyb2xsZXI6OkZsYXNoOjpGbGFzaEhh
c2h7BjoLbm90aWNlIiNHYW1lIHdhcyBzdWNjZXNzZnVsbHkgY3JlYXRlZC4G
OgpAdXNlZHsGOwdU--7bd40c8f8ce581eaa8444c77f6e2d8d523d6ae77
  Parameters: {"action"=>"index", "controller"=>"games"}
  [4;36;1mGame Load (0.000000)[0m   [0;1mSELECT * FROM `games` [0m
Rendering template within layouts/games
Rendering games/index
  [4;35;1mGame Columns (0.015000)[0m   [0mSHOW FIELDS FROM `games`[0m
Completed in 0.04700 (21 reqs/sec) | Rendering: 0.00000 (0%) | DB: 0.03100 (65%) | 200 OK [http://localhost/games]


Processing GamesController#index (for 127.0.0.1 at 2008-09-24 19:45:24) [GET]
  Session ID: BAh7BzoMY3NyZl9pZCIlNDVmMjNlZWY3OTFlM2RkNjU0N2M1MGFmMDdhMjYw
YjkiCmZsYXNoSUM6J0FjdGlvbkNvbnRyb2xsZXI6OkZsYXNoOjpGbGFzaEhh
c2h7AAY6CkB1c2VkewA=--79f43f6416e8e95af4531452075a7b4dd7acda74
  Parameters: {"action"=>"index", "controller"=>"games"}
  [4;36;1mGame Load (0.000000)[0m   [0;1mSELECT * FROM `games` [0m
Rendering template within layouts/games
Rendering games/index
  [4;35;1mGame Columns (0.016000)[0m   [0mSHOW FIELDS FROM `games`[0m
Completed in 0.04600 (21 reqs/sec) | Rendering: 0.00000 (0%) | DB: 0.01600 (34%) | 200 OK [http://localhost/games]
DEPRECATION WARNING: You're using the Ruby-based MySQL library that ships with Rails. This library will be REMOVED FROM RAILS 2.2. Please switch to the offical mysql gem: `gem install mysql`  See http://www.rubyonrails.org/deprecation for details. (called from mysql_connection at D:/Tools/ruby/lib/ruby/gems/1.8/gems/activerecord-2.1.1/lib/active_record/connection_adapters/mysql_adapter.rb:81)
  [4;36;1mSQL (0.000000)[0m   [0;1mSET NAMES 'utf8'[0m
  [4;35;1mSQL (0.000000)[0m   [0mSET SQL_AUTO_IS_NULL=0[0m
  [4;36;1mSQL (0.000000)[0m   [0;1mSHOW TABLES[0m
  [4;35;1mGame Columns (0.000000)[0m   [0mSHOW FIELDS FROM `games`[0m
  [4;36;1mSQL (0.000000)[0m   [0;1mBEGIN[0m
  [4;35;1mGame Create (0.000000)[0m   [0mINSERT INTO `games` (`name`, `updated_at`, `created_at`) VALUES(NULL, '2008-09-25 02:47:12', '2008-09-25 02:47:12')[0m
  [4;36;1mSQL (0.047000)[0m   [0;1mCOMMIT[0m
  [4;35;1mGame Load (0.000000)[0m   [0mSELECT * FROM `games` WHERE (`games`.`id` = 3) [0m
  [4;36;1mSQL (0.000000)[0m   [0;1mBEGIN[0m
  [4;35;1mGame Update (0.000000)[0m   [0mUPDATE `games` SET `updated_at` = '2008-09-25 02:48:08', `name` = 'Guitar Hero' WHERE `id` = 3[0m
  [4;36;1mSQL (0.047000)[0m   [0;1mCOMMIT[0m
DEPRECATION WARNING: You're using the Ruby-based MySQL library that ships with Rails. This library will be REMOVED FROM RAILS 2.2. Please switch to the offical mysql gem: `gem install mysql`  See http://www.rubyonrails.org/deprecation for details. (called from mysql_connection at D:/Tools/ruby/lib/ruby/gems/1.8/gems/activerecord-2.1.1/lib/active_record/connection_adapters/mysql_adapter.rb:81)
  [4;36;1mSQL (0.000000)[0m   [0;1mSET NAMES 'utf8'[0m
  [4;35;1mSQL (0.000000)[0m   [0mSET SQL_AUTO_IS_NULL=0[0m
  [4;36;1mSQL (0.000000)[0m   [0;1mSHOW TABLES[0m
  [4;35;1mSQL (0.000000)[0m   [0mSELECT version FROM schema_migrations[0m
DEPRECATION WARNING: You're using the Ruby-based MySQL library that ships with Rails. This library will be REMOVED FROM RAILS 2.2. Please switch to the offical mysql gem: `gem install mysql`  See http://www.rubyonrails.org/deprecation for details. (called from mysql_connection at D:/Tools/ruby/lib/ruby/gems/1.8/gems/activerecord-2.1.1/lib/active_record/connection_adapters/mysql_adapter.rb:81)
  [4;36;1mSQL (0.000000)[0m   [0;1mSET NAMES 'utf8'[0m
  [4;35;1mSQL (0.000000)[0m   [0mSET SQL_AUTO_IS_NULL=0[0m
  [4;36;1mSQL (0.000000)[0m   [0;1mSHOW TABLES[0m
  [4;35;1mSQL (0.000000)[0m   [0mSELECT version FROM schema_migrations[0m
Migrating to CreateGames (20080925023253)
Migrating to CreateVotes (20080925025149)
  [4;36;1mSQL (0.110000)[0m   [0;1mCREATE TABLE `votes` (`id` int(11) DEFAULT NULL auto_increment PRIMARY KEY, `created_at` datetime, `updated_at` datetime) ENGINE=InnoDB[0m
  [4;35;1mSQL (0.078000)[0m   [0mINSERT INTO schema_migrations (version) VALUES ('20080925025149')[0m
  [4;36;1mSQL (0.000000)[0m   [0;1mSHOW TABLES[0m
  [4;35;1mSQL (0.000000)[0m   [0mSELECT version FROM schema_migrations[0m
  [4;36;1mSQL (0.015000)[0m   [0;1mSHOW TABLES[0m
  [4;35;1mSQL (0.000000)[0m   [0mSHOW FIELDS FROM `games`[0m
  [4;36;1mSQL (0.000000)[0m   [0;1mdescribe `games`[0m
  [4;35;1mSQL (0.000000)[0m   [0mSHOW KEYS FROM `games`[0m
  [4;36;1mSQL (0.016000)[0m   [0;1mSHOW FIELDS FROM `votes`[0m
  [4;35;1mSQL (0.000000)[0m   [0mdescribe `votes`[0m
  [4;36;1mSQL (0.000000)[0m   [0;1mSHOW KEYS FROM `votes`[0m
DEPRECATION WARNING: You're using the Ruby-based MySQL library that ships with Rails. This library will be REMOVED FROM RAILS 2.2. Please switch to the offical mysql gem: `gem install mysql`  See http://www.rubyonrails.org/deprecation for details. (called from mysql_connection at D:/Tools/ruby/lib/ruby/gems/1.8/gems/activerecord-2.1.1/lib/active_record/connection_adapters/mysql_adapter.rb:81)
  [4;36;1mSQL (0.000000)[0m   [0;1mSET NAMES 'utf8'[0m
  [4;35;1mSQL (0.000000)[0m   [0mSET SQL_AUTO_IS_NULL=0[0m
  [4;36;1mSQL (0.000000)[0m   [0;1mSHOW TABLES[0m
  [4;35;1mSQL (0.000000)[0m   [0mSELECT version FROM schema_migrations[0m
  [4;36;1mSQL (0.000000)[0m   [0;1mSET NAMES 'utf8'[0m
  [4;35;1mSQL (0.000000)[0m   [0mSET SQL_AUTO_IS_NULL=0[0m
  [4;36;1mSQL (0.000000)[0m   [0;1mDROP DATABASE IF EXISTS `dotvoting_test`[0m
  [4;35;1mSQL (0.047000)[0m   [0mCREATE DATABASE `dotvoting_test` DEFAULT CHARACTER SET `utf8`[0m
  [4;36;1mSQL (0.000000)[0m   [0;1mSET NAMES 'utf8'[0m
  [4;35;1mSQL (0.000000)[0m   [0mSET SQL_AUTO_IS_NULL=0[0m
  [4;36;1mSQL (0.000000)[0m   [0;1mSHOW TABLES[0m
  [4;35;1mSQL (0.125000)[0m   [0mCREATE TABLE `games` (`id` int(11) DEFAULT NULL auto_increment PRIMARY KEY, `name` varchar(255), `created_at` datetime, `updated_at` datetime) ENGINE=InnoDB[0m
  [4;36;1mSQL (0.000000)[0m   [0;1mSHOW TABLES[0m
  [4;35;1mSQL (0.110000)[0m   [0mCREATE TABLE `votes` (`id` int(11) DEFAULT NULL auto_increment PRIMARY KEY, `created_at` datetime, `updated_at` datetime) ENGINE=InnoDB[0m
  [4;36;1mSQL (0.000000)[0m   [0;1mSHOW TABLES[0m
  [4;35;1mSQL (0.109000)[0m   [0mCREATE TABLE `schema_migrations` (`version` varchar(255) NOT NULL) ENGINE=InnoDB[0m
  [4;36;1mSQL (0.219000)[0m   [0;1mCREATE UNIQUE INDEX `unique_schema_migrations` ON `schema_migrations` (`version`)[0m
  [4;35;1mSQL (0.000000)[0m   [0mSHOW TABLES[0m
  [4;36;1mSQL (0.000000)[0m   [0;1mSELECT version FROM `schema_migrations`[0m
  [4;35;1mSQL (0.016000)[0m   [0mINSERT INTO `schema_migrations` (version) VALUES ('20080925025149')[0m
  [4;36;1mSQL (0.000000)[0m   [0;1mINSERT INTO `schema_migrations` (version) VALUES ('20080925023253')[0m
DEPRECATION WARNING: You're using the Ruby-based MySQL library that ships with Rails. This library will be REMOVED FROM RAILS 2.2. Please switch to the offical mysql gem: `gem install mysql`  See http://www.rubyonrails.org/deprecation for details. (called from mysql_connection at D:/Tools/ruby/lib/ruby/gems/1.8/gems/activerecord-2.1.1/lib/active_record/connection_adapters/mysql_adapter.rb:81)
  [4;36;1mSQL (0.000000)[0m   [0;1mSET NAMES 'utf8'[0m
  [4;35;1mSQL (0.000000)[0m   [0mSET SQL_AUTO_IS_NULL=0[0m
  [4;36;1mSQL (0.000000)[0m   [0;1mSHOW TABLES[0m
  [4;35;1mSQL (0.000000)[0m   [0mSELECT version FROM schema_migrations[0m
  [4;36;1mSQL (0.047000)[0m   [0;1mDROP TABLE `games`[0m
  [4;35;1mSQL (0.046000)[0m   [0mDELETE FROM schema_migrations WHERE version = '20080925023253'[0m
  [4;36;1mSQL (0.000000)[0m   [0;1mSHOW TABLES[0m
  [4;35;1mSQL (0.000000)[0m   [0mSELECT version FROM schema_migrations[0m
  [4;36;1mSQL (0.000000)[0m   [0;1mSHOW TABLES[0m
  [4;35;1mSQL (0.000000)[0m   [0mSHOW FIELDS FROM `votes`[0m
  [4;36;1mSQL (0.016000)[0m   [0;1mdescribe `votes`[0m
  [4;35;1mSQL (0.000000)[0m   [0mSHOW KEYS FROM `votes`[0m
DEPRECATION WARNING: You're using the Ruby-based MySQL library that ships with Rails. This library will be REMOVED FROM RAILS 2.2. Please switch to the offical mysql gem: `gem install mysql`  See http://www.rubyonrails.org/deprecation for details. (called from mysql_connection at D:/Tools/ruby/lib/ruby/gems/1.8/gems/activerecord-2.1.1/lib/active_record/connection_adapters/mysql_adapter.rb:81)
  [4;36;1mSQL (0.000000)[0m   [0;1mSET NAMES 'utf8'[0m
  [4;35;1mSQL (0.000000)[0m   [0mSET SQL_AUTO_IS_NULL=0[0m
  [4;36;1mSQL (0.000000)[0m   [0;1mSHOW TABLES[0m
  [4;35;1mSQL (0.000000)[0m   [0mSELECT version FROM schema_migrations[0m
Migrating to CreateGames (20080925023253)
  [4;36;1mSQL (0.125000)[0m   [0;1mCREATE TABLE `games` (`id` int(11) DEFAULT NULL auto_increment PRIMARY KEY, `name` varchar(255), `created_at` datetime, `updated_at` datetime) ENGINE=InnoDB[0m
  [4;35;1mSQL (0.062000)[0m   [0mINSERT INTO schema_migrations (version) VALUES ('20080925023253')[0m
Migrating to CreateVotes (20080925025149)
  [4;36;1mSQL (0.000000)[0m   [0;1mSHOW TABLES[0m
  [4;35;1mSQL (0.000000)[0m   [0mSELECT version FROM schema_migrations[0m
  [4;36;1mSQL (0.000000)[0m   [0;1mSHOW TABLES[0m
  [4;35;1mSQL (0.016000)[0m   [0mSHOW FIELDS FROM `games`[0m
  [4;36;1mSQL (0.000000)[0m   [0;1mdescribe `games`[0m
  [4;35;1mSQL (0.000000)[0m   [0mSHOW KEYS FROM `games`[0m
  [4;36;1mSQL (0.016000)[0m   [0;1mSHOW FIELDS FROM `votes`[0m
  [4;35;1mSQL (0.000000)[0m   [0mdescribe `votes`[0m
  [4;36;1mSQL (0.000000)[0m   [0;1mSHOW KEYS FROM `votes`[0m
DEPRECATION WARNING: You're using the Ruby-based MySQL library that ships with Rails. This library will be REMOVED FROM RAILS 2.2. Please switch to the offical mysql gem: `gem install mysql`  See http://www.rubyonrails.org/deprecation for details. (called from mysql_connection at D:/Tools/ruby/lib/ruby/gems/1.8/gems/activerecord-2.1.1/lib/active_record/connection_adapters/mysql_adapter.rb:81)
  [4;36;1mSQL (0.000000)[0m   [0;1mSET NAMES 'utf8'[0m
  [4;35;1mSQL (0.000000)[0m   [0mSET SQL_AUTO_IS_NULL=0[0m
  [4;36;1mSQL (0.000000)[0m   [0;1mSHOW TABLES[0m
  [4;35;1mSQL (0.000000)[0m   [0mSELECT version FROM schema_migrations[0m
  [4;36;1mSQL (0.079000)[0m   [0;1mSET NAMES 'utf8'[0m
  [4;35;1mSQL (0.000000)[0m   [0mSET SQL_AUTO_IS_NULL=0[0m
  [4;36;1mSQL (0.156000)[0m   [0;1mDROP DATABASE IF EXISTS `dotvoting_test`[0m
  [4;35;1mSQL (0.000000)[0m   [0mCREATE DATABASE `dotvoting_test` DEFAULT CHARACTER SET `utf8`[0m
  [4;36;1mSQL (0.000000)[0m   [0;1mSET NAMES 'utf8'[0m
  [4;35;1mSQL (0.000000)[0m   [0mSET SQL_AUTO_IS_NULL=0[0m
  [4;36;1mSQL (0.000000)[0m   [0;1mSHOW TABLES[0m
  [4;35;1mSQL (0.125000)[0m   [0mCREATE TABLE `games` (`id` int(11) DEFAULT NULL auto_increment PRIMARY KEY, `name` varchar(255), `created_at` datetime, `updated_at` datetime) ENGINE=InnoDB[0m
  [4;36;1mSQL (0.000000)[0m   [0;1mSHOW TABLES[0m
  [4;35;1mSQL (0.156000)[0m   [0mCREATE TABLE `votes` (`id` int(11) DEFAULT NULL auto_increment PRIMARY KEY, `created_at` datetime, `updated_at` datetime) ENGINE=InnoDB[0m
  [4;36;1mSQL (0.000000)[0m   [0;1mSHOW TABLES[0m
  [4;35;1mSQL (0.094000)[0m   [0mCREATE TABLE `schema_migrations` (`version` varchar(255) NOT NULL) ENGINE=InnoDB[0m
  [4;36;1mSQL (0.218000)[0m   [0;1mCREATE UNIQUE INDEX `unique_schema_migrations` ON `schema_migrations` (`version`)[0m
  [4;35;1mSQL (0.000000)[0m   [0mSHOW TABLES[0m
  [4;36;1mSQL (0.000000)[0m   [0;1mSELECT version FROM `schema_migrations`[0m
  [4;35;1mSQL (0.000000)[0m   [0mINSERT INTO `schema_migrations` (version) VALUES ('20080925025149')[0m
  [4;36;1mSQL (0.016000)[0m   [0;1mINSERT INTO `schema_migrations` (version) VALUES ('20080925023253')[0m
DEPRECATION WARNING: You're using the Ruby-based MySQL library that ships with Rails. This library will be REMOVED FROM RAILS 2.2. Please switch to the offical mysql gem: `gem install mysql`  See http://www.rubyonrails.org/deprecation for details. (called from mysql_connection at D:/Tools/ruby/lib/ruby/gems/1.8/gems/activerecord-2.1.1/lib/active_record/connection_adapters/mysql_adapter.rb:81)
  [4;36;1mSQL (0.000000)[0m   [0;1mSET NAMES 'utf8'[0m
  [4;35;1mSQL (0.000000)[0m   [0mSET SQL_AUTO_IS_NULL=0[0m
  [4;36;1mSQL (0.000000)[0m   [0;1mSHOW TABLES[0m
  [4;35;1mSQL (0.000000)[0m   [0mSELECT version FROM schema_migrations[0m
  [4;36;1mSQL (0.062000)[0m   [0;1mSET NAMES 'utf8'[0m
  [4;35;1mSQL (0.016000)[0m   [0mSET SQL_AUTO_IS_NULL=0[0m
  [4;36;1mSQL (0.094000)[0m   [0;1mDROP DATABASE IF EXISTS `dotvoting_test`[0m
  [4;35;1mSQL (0.000000)[0m   [0mCREATE DATABASE `dotvoting_test` DEFAULT CHARACTER SET `utf8`[0m
  [4;36;1mSQL (0.000000)[0m   [0;1mSET NAMES 'utf8'[0m
  [4;35;1mSQL (0.000000)[0m   [0mSET SQL_AUTO_IS_NULL=0[0m
  [4;36;1mSQL (0.000000)[0m   [0;1mSHOW TABLES[0m
  [4;35;1mSQL (0.110000)[0m   [0mCREATE TABLE `votes` (`id` int(11) DEFAULT NULL auto_increment PRIMARY KEY, `created_at` datetime, `updated_at` datetime) ENGINE=InnoDB[0m
  [4;36;1mSQL (0.000000)[0m   [0;1mSHOW TABLES[0m
  [4;35;1mSQL (0.109000)[0m   [0mCREATE TABLE `schema_migrations` (`version` varchar(255) NOT NULL) ENGINE=InnoDB[0m
  [4;36;1mSQL (0.360000)[0m   [0;1mCREATE UNIQUE INDEX `unique_schema_migrations` ON `schema_migrations` (`version`)[0m
  [4;35;1mSQL (0.000000)[0m   [0mSHOW TABLES[0m
  [4;36;1mSQL (0.000000)[0m   [0;1mSELECT version FROM `schema_migrations`[0m
  [4;35;1mSQL (0.046000)[0m   [0mINSERT INTO `schema_migrations` (version) VALUES ('20080925025149')[0m
  [4;36;1mSQL (0.047000)[0m   [0;1mINSERT INTO `schema_migrations` (version) VALUES ('20080925023253')[0m
DEPRECATION WARNING: You're using the Ruby-based MySQL library that ships with Rails. This library will be REMOVED FROM RAILS 2.2. Please switch to the offical mysql gem: `gem install mysql`  See http://www.rubyonrails.org/deprecation for details. (called from mysql_connection at D:/Tools/ruby/lib/ruby/gems/1.8/gems/activerecord-2.1.1/lib/active_record/connection_adapters/mysql_adapter.rb:81)
  [4;36;1mSQL (0.000000)[0m   [0;1mSET NAMES 'utf8'[0m
  [4;35;1mSQL (0.000000)[0m   [0mSET SQL_AUTO_IS_NULL=0[0m
  [4;36;1mSQL (0.000000)[0m   [0;1mSHOW TABLES[0m
  [4;35;1mSQL (0.000000)[0m   [0mSELECT version FROM schema_migrations[0m
  [4;36;1mSQL (0.079000)[0m   [0;1mSET NAMES 'utf8'[0m
  [4;35;1mSQL (0.000000)[0m   [0mSET SQL_AUTO_IS_NULL=0[0m
  [4;36;1mSQL (0.000000)[0m   [0;1mDROP DATABASE IF EXISTS `dotvoting_test`[0m
  [4;35;1mSQL (0.000000)[0m   [0mCREATE DATABASE `dotvoting_test` DEFAULT CHARACTER SET `utf8`[0m
  [4;36;1mSQL (0.000000)[0m   [0;1mSET NAMES 'utf8'[0m
  [4;35;1mSQL (0.000000)[0m   [0mSET SQL_AUTO_IS_NULL=0[0m
  [4;36;1mSQL (0.000000)[0m   [0;1mSHOW TABLES[0m
  [4;35;1mSQL (0.140000)[0m   [0mCREATE TABLE `votes` (`id` int(11) DEFAULT NULL auto_increment PRIMARY KEY, `created_at` datetime, `updated_at` datetime) ENGINE=InnoDB[0m
  [4;36;1mSQL (0.000000)[0m   [0;1mSHOW TABLES[0m
  [4;35;1mSQL (0.141000)[0m   [0mCREATE TABLE `schema_migrations` (`version` varchar(255) NOT NULL) ENGINE=InnoDB[0m
  [4;36;1mSQL (0.219000)[0m   [0;1mCREATE UNIQUE INDEX `unique_schema_migrations` ON `schema_migrations` (`version`)[0m
  [4;35;1mSQL (0.000000)[0m   [0mSHOW TABLES[0m
  [4;36;1mSQL (0.000000)[0m   [0;1mSELECT version FROM `schema_migrations`[0m
  [4;35;1mSQL (0.015000)[0m   [0mINSERT INTO `schema_migrations` (version) VALUES ('20080925025149')[0m
  [4;36;1mSQL (0.000000)[0m   [0;1mINSERT INTO `schema_migrations` (version) VALUES ('20080925023253')[0m
DEPRECATION WARNING: You're using the Ruby-based MySQL library that ships with Rails. This library will be REMOVED FROM RAILS 2.2. Please switch to the offical mysql gem: `gem install mysql`  See http://www.rubyonrails.org/deprecation for details. (called from mysql_connection at D:/Tools/ruby/lib/ruby/gems/1.8/gems/activerecord-2.1.1/lib/active_record/connection_adapters/mysql_adapter.rb:81)
  [4;36;1mSQL (0.000000)[0m   [0;1mSET NAMES 'utf8'[0m
  [4;35;1mSQL (0.000000)[0m   [0mSET SQL_AUTO_IS_NULL=0[0m
  [4;36;1mSQL (0.000000)[0m   [0;1mSHOW TABLES[0m
  [4;35;1mSQL (0.000000)[0m   [0mSELECT version FROM schema_migrations[0m
Migrating to CreateGames (20080925023253)
Migrating to CreateVotes (20080925025149)
  [4;36;1mSQL (0.000000)[0m   [0;1mSHOW TABLES[0m
  [4;35;1mSQL (0.015000)[0m   [0mSELECT version FROM schema_migrations[0m
  [4;36;1mSQL (0.000000)[0m   [0;1mSHOW TABLES[0m
  [4;35;1mSQL (0.000000)[0m   [0mSHOW FIELDS FROM `games`[0m
  [4;36;1mSQL (0.000000)[0m   [0;1mdescribe `games`[0m
  [4;35;1mSQL (0.000000)[0m   [0mSHOW KEYS FROM `games`[0m
  [4;36;1mSQL (0.016000)[0m   [0;1mSHOW FIELDS FROM `votes`[0m
  [4;35;1mSQL (0.000000)[0m   [0mdescribe `votes`[0m
  [4;36;1mSQL (0.000000)[0m   [0;1mSHOW KEYS FROM `votes`[0m
DEPRECATION WARNING: You're using the Ruby-based MySQL library that ships with Rails. This library will be REMOVED FROM RAILS 2.2. Please switch to the offical mysql gem: `gem install mysql`  See http://www.rubyonrails.org/deprecation for details. (called from mysql_connection at D:/Tools/ruby/lib/ruby/gems/1.8/gems/activerecord-2.1.1/lib/active_record/connection_adapters/mysql_adapter.rb:81)
  [4;36;1mSQL (0.000000)[0m   [0;1mSET NAMES 'utf8'[0m
  [4;35;1mSQL (0.000000)[0m   [0mSET SQL_AUTO_IS_NULL=0[0m
  [4;36;1mSQL (0.000000)[0m   [0;1mSHOW TABLES[0m
  [4;35;1mSQL (0.125000)[0m   [0mCREATE TABLE `schema_migrations` (`version` varchar(255) NOT NULL) ENGINE=InnoDB[0m
  [4;36;1mSQL (0.250000)[0m   [0;1mCREATE UNIQUE INDEX `unique_schema_migrations` ON `schema_migrations` (`version`)[0m
  [4;35;1mSQL (0.000000)[0m   [0mSHOW TABLES[0m
  [4;36;1mSQL (0.000000)[0m   [0;1mSELECT version FROM schema_migrations[0m
Migrating to CreateGames (20080925023253)
  [4;35;1mSQL (0.094000)[0m   [0mCREATE TABLE `games` (`id` int(11) DEFAULT NULL auto_increment PRIMARY KEY, `name` varchar(255), `created_at` datetime, `updated_at` datetime) ENGINE=InnoDB[0m
  [4;36;1mSQL (0.016000)[0m   [0;1mINSERT INTO schema_migrations (version) VALUES ('20080925023253')[0m
Migrating to CreateVotes (20080925025149)
  [4;35;1mSQL (0.015000)[0m   [0mCREATE TABLE `votes` (`id` int(11) DEFAULT NULL auto_increment PRIMARY KEY, `username` varchar(255), `created_at` datetime, `updated_at` datetime) ENGINE=InnoDB[0m
  [4;36;1mSQL (0.000000)[0m   [0;1mINSERT INTO schema_migrations (version) VALUES ('20080925025149')[0m
  [4;35;1mSQL (0.000000)[0m   [0mSHOW TABLES[0m
  [4;36;1mSQL (0.000000)[0m   [0;1mSELECT version FROM schema_migrations[0m
  [4;35;1mSQL (0.000000)[0m   [0mSHOW TABLES[0m
  [4;36;1mSQL (0.000000)[0m   [0;1mSHOW FIELDS FROM `games`[0m
  [4;35;1mSQL (0.016000)[0m   [0mdescribe `games`[0m
  [4;36;1mSQL (0.000000)[0m   [0;1mSHOW KEYS FROM `games`[0m
  [4;35;1mSQL (0.000000)[0m   [0mSHOW FIELDS FROM `votes`[0m
  [4;36;1mSQL (0.078000)[0m   [0;1mdescribe `votes`[0m
  [4;35;1mSQL (0.000000)[0m   [0mSHOW KEYS FROM `votes`[0m
DEPRECATION WARNING: You're using the Ruby-based MySQL library that ships with Rails. This library will be REMOVED FROM RAILS 2.2. Please switch to the offical mysql gem: `gem install mysql`  See http://www.rubyonrails.org/deprecation for details. (called from mysql_connection at D:/Tools/ruby/lib/ruby/gems/1.8/gems/activerecord-2.1.1/lib/active_record/connection_adapters/mysql_adapter.rb:81)
  [4;36;1mSQL (0.000000)[0m   [0;1mSET NAMES 'utf8'[0m
  [4;35;1mSQL (0.000000)[0m   [0mSET SQL_AUTO_IS_NULL=0[0m
  [4;36;1mSQL (0.000000)[0m   [0;1mSHOW TABLES[0m
  [4;35;1mSQL (0.000000)[0m   [0mSELECT version FROM schema_migrations[0m
  [4;36;1mSQL (0.000000)[0m   [0;1mSET NAMES 'utf8'[0m
  [4;35;1mSQL (0.000000)[0m   [0mSET SQL_AUTO_IS_NULL=0[0m
  [4;36;1mSQL (0.000000)[0m   [0;1mDROP DATABASE IF EXISTS `dotvoting_test`[0m
  [4;35;1mSQL (0.000000)[0m   [0mCREATE DATABASE `dotvoting_test` DEFAULT CHARACTER SET `utf8`[0m
  [4;36;1mSQL (0.000000)[0m   [0;1mSET NAMES 'utf8'[0m
  [4;35;1mSQL (0.000000)[0m   [0mSET SQL_AUTO_IS_NULL=0[0m
  [4;36;1mSQL (0.016000)[0m   [0;1mSHOW TABLES[0m
  [4;35;1mSQL (0.109000)[0m   [0mCREATE TABLE `games` (`id` int(11) DEFAULT NULL auto_increment PRIMARY KEY, `name` varchar(255), `created_at` datetime, `updated_at` datetime) ENGINE=InnoDB[0m
  [4;36;1mSQL (0.000000)[0m   [0;1mSHOW TABLES[0m
  [4;35;1mSQL (0.110000)[0m   [0mCREATE TABLE `votes` (`id` int(11) DEFAULT NULL auto_increment PRIMARY KEY, `username` varchar(255), `created_at` datetime, `updated_at` datetime) ENGINE=InnoDB[0m
  [4;36;1mSQL (0.000000)[0m   [0;1mSHOW TABLES[0m
  [4;35;1mSQL (0.125000)[0m   [0mCREATE TABLE `schema_migrations` (`version` varchar(255) NOT NULL) ENGINE=InnoDB[0m
  [4;36;1mSQL (0.265000)[0m   [0;1mCREATE UNIQUE INDEX `unique_schema_migrations` ON `schema_migrations` (`version`)[0m
  [4;35;1mSQL (0.000000)[0m   [0mSHOW TABLES[0m
  [4;36;1mSQL (0.016000)[0m   [0;1mSELECT version FROM `schema_migrations`[0m
  [4;35;1mSQL (0.000000)[0m   [0mINSERT INTO `schema_migrations` (version) VALUES ('20080925025149')[0m
  [4;36;1mSQL (0.016000)[0m   [0;1mINSERT INTO `schema_migrations` (version) VALUES ('20080925023253')[0m
DEPRECATION WARNING: You're using the Ruby-based MySQL library that ships with Rails. This library will be REMOVED FROM RAILS 2.2. Please switch to the offical mysql gem: `gem install mysql`  See http://www.rubyonrails.org/deprecation for details. (called from mysql_connection at D:/Tools/ruby/lib/ruby/gems/1.8/gems/activerecord-2.1.1/lib/active_record/connection_adapters/mysql_adapter.rb:81)
  [4;36;1mSQL (0.000000)[0m   [0;1mSET NAMES 'utf8'[0m
  [4;35;1mSQL (0.000000)[0m   [0mSET SQL_AUTO_IS_NULL=0[0m
  [4;36;1mSQL (0.000000)[0m   [0;1mSHOW TABLES[0m
  [4;35;1mSQL (0.000000)[0m   [0mSELECT version FROM schema_migrations[0m
Migrating to CreateGames (20080925023253)
Migrating to CreateVotes (20080925025149)
Migrating to CreateRankedGames (20080925032717)
  [4;36;1mSQL (0.125000)[0m   [0;1mCREATE TABLE `ranked_games` (`id` int(11) DEFAULT NULL auto_increment PRIMARY KEY, `vote_id` int(11), `game_id` int(11), `rank` int(11), `created_at` datetime, `updated_at` datetime) ENGINE=InnoDB[0m
  [4;35;1mSQL (0.063000)[0m   [0mINSERT INTO schema_migrations (version) VALUES ('20080925032717')[0m
  [4;36;1mSQL (0.000000)[0m   [0;1mSHOW TABLES[0m
  [4;35;1mSQL (0.016000)[0m   [0mSELECT version FROM schema_migrations[0m
  [4;36;1mSQL (0.000000)[0m   [0;1mSHOW TABLES[0m
  [4;35;1mSQL (0.000000)[0m   [0mSHOW FIELDS FROM `games`[0m
  [4;36;1mSQL (0.000000)[0m   [0;1mdescribe `games`[0m
  [4;35;1mSQL (0.016000)[0m   [0mSHOW KEYS FROM `games`[0m
  [4;36;1mSQL (0.000000)[0m   [0;1mSHOW FIELDS FROM `ranked_games`[0m
  [4;35;1mSQL (0.000000)[0m   [0mdescribe `ranked_games`[0m
  [4;36;1mSQL (0.000000)[0m   [0;1mSHOW KEYS FROM `ranked_games`[0m
  [4;35;1mSQL (0.015000)[0m   [0mSHOW FIELDS FROM `votes`[0m
  [4;36;1mSQL (0.000000)[0m   [0;1mdescribe `votes`[0m
  [4;35;1mSQL (0.000000)[0m   [0mSHOW KEYS FROM `votes`[0m
DEPRECATION WARNING: You're using the Ruby-based MySQL library that ships with Rails. This library will be REMOVED FROM RAILS 2.2. Please switch to the offical mysql gem: `gem install mysql`  See http://www.rubyonrails.org/deprecation for details. (called from mysql_connection at D:/Tools/ruby/lib/ruby/gems/1.8/gems/activerecord-2.1.1/lib/active_record/connection_adapters/mysql_adapter.rb:81)
  [4;36;1mSQL (0.000000)[0m   [0;1mSET NAMES 'utf8'[0m
  [4;35;1mSQL (0.000000)[0m   [0mSET SQL_AUTO_IS_NULL=0[0m
  [4;36;1mSQL (0.000000)[0m   [0;1mSHOW TABLES[0m
  [4;35;1mSQL (0.000000)[0m   [0mSELECT version FROM schema_migrations[0m
  [4;36;1mSQL (0.000000)[0m   [0;1mSET NAMES 'utf8'[0m
  [4;35;1mSQL (0.000000)[0m   [0mSET SQL_AUTO_IS_NULL=0[0m
  [4;36;1mSQL (0.187000)[0m   [0;1mDROP DATABASE IF EXISTS `dotvoting_test`[0m
  [4;35;1mSQL (0.000000)[0m   [0mCREATE DATABASE `dotvoting_test` DEFAULT CHARACTER SET `utf8`[0m
  [4;36;1mSQL (0.000000)[0m   [0;1mSET NAMES 'utf8'[0m
  [4;35;1mSQL (0.000000)[0m   [0mSET SQL_AUTO_IS_NULL=0[0m
  [4;36;1mSQL (0.000000)[0m   [0;1mSHOW TABLES[0m
  [4;35;1mSQL (0.078000)[0m   [0mCREATE TABLE `games` (`id` int(11) DEFAULT NULL auto_increment PRIMARY KEY, `name` varchar(255), `created_at` datetime, `updated_at` datetime) ENGINE=InnoDB[0m
  [4;36;1mSQL (0.000000)[0m   [0;1mSHOW TABLES[0m
  [4;35;1mSQL (0.031000)[0m   [0mCREATE TABLE `ranked_games` (`id` int(11) DEFAULT NULL auto_increment PRIMARY KEY, `vote_id` int(11), `game_id` int(11), `rank` int(11), `created_at` datetime, `updated_at` datetime) ENGINE=InnoDB[0m
  [4;36;1mSQL (0.000000)[0m   [0;1mSHOW TABLES[0m
  [4;35;1mSQL (0.016000)[0m   [0mCREATE TABLE `votes` (`id` int(11) DEFAULT NULL auto_increment PRIMARY KEY, `username` varchar(255), `created_at` datetime, `updated_at` datetime) ENGINE=InnoDB[0m
  [4;36;1mSQL (0.000000)[0m   [0;1mSHOW TABLES[0m
  [4;35;1mSQL (0.031000)[0m   [0mCREATE TABLE `schema_migrations` (`version` varchar(255) NOT NULL) ENGINE=InnoDB[0m
  [4;36;1mSQL (0.062000)[0m   [0;1mCREATE UNIQUE INDEX `unique_schema_migrations` ON `schema_migrations` (`version`)[0m
  [4;35;1mSQL (0.000000)[0m   [0mSHOW TABLES[0m
  [4;36;1mSQL (0.000000)[0m   [0;1mSELECT version FROM `schema_migrations`[0m
  [4;35;1mSQL (0.016000)[0m   [0mINSERT INTO `schema_migrations` (version) VALUES ('20080925032717')[0m
  [4;36;1mSQL (0.000000)[0m   [0;1mINSERT INTO `schema_migrations` (version) VALUES ('20080925023253')[0m
  [4;35;1mSQL (0.016000)[0m   [0mINSERT INTO `schema_migrations` (version) VALUES ('20080925025149')[0m
